0 info it worked if it ends with ok
1 verbose cli [ '/usr/bin/node', '/usr/bin/npm', 'start' ]
2 info using npm@3.10.10
3 info using node@v6.12.0
4 verbose run-script [ 'prestart', 'start', 'poststart' ]
5 info lifecycle webpack-babel-eslint@0.0.1~prestart: webpack-babel-eslint@0.0.1
6 silly lifecycle webpack-babel-eslint@0.0.1~prestart: no script for prestart, continuing
7 info lifecycle webpack-babel-eslint@0.0.1~start: webpack-babel-eslint@0.0.1
8 verbose lifecycle webpack-babel-eslint@0.0.1~start: unsafe-perm in lifecycle true
9 verbose lifecycle webpack-babel-eslint@0.0.1~start: PATH: /usr/lib/node_modules/npm/bin/node-gyp-bin:/home/jpschulze/Documents/Universität/AMIV/amivapi-announce-tool/node_modules/.bin:/home/jpschulze/Software/miniconda3/bin:/home/jpschulze/Software/miniconda3/bin:/usr/libexec/python3-sphinx:/usr/local/bin:/usr/local/sbin:/usr/bin:/usr/sbin:/home/jpschulze/.local/bin:/home/jpschulze/bin
10 verbose lifecycle webpack-babel-eslint@0.0.1~start: CWD: /home/jpschulze/Documents/Universität/AMIV/amivapi-announce-tool
11 silly lifecycle webpack-babel-eslint@0.0.1~start: Args: [ '-c', 'webpack-dev-server --hot --inline' ]
12 silly lifecycle webpack-babel-eslint@0.0.1~start: Returned: code: 1  signal: null
13 info lifecycle webpack-babel-eslint@0.0.1~start: Failed to exec start script
14 verbose stack Error: webpack-babel-eslint@0.0.1 start: `webpack-dev-server --hot --inline`
14 verbose stack Exit status 1
14 verbose stack     at EventEmitter.<anonymous> (/usr/lib/node_modules/npm/lib/utils/lifecycle.js:255:16)
14 verbose stack     at emitTwo (events.js:106:13)
14 verbose stack     at EventEmitter.emit (events.js:191:7)
14 verbose stack     at ChildProcess.<anonymous> (/usr/lib/node_modules/npm/lib/utils/spawn.js:40:14)
14 verbose stack     at emitTwo (events.js:106:13)
14 verbose stack     at ChildProcess.emit (events.js:191:7)
14 verbose stack     at maybeClose (internal/child_process.js:920:16)
14 verbose stack     at Process.ChildProcess._handle.onexit (internal/child_process.js:230:5)
15 verbose pkgid webpack-babel-eslint@0.0.1
16 verbose cwd /home/jpschulze/Documents/Universität/AMIV/amivapi-announce-tool
17 error Linux 4.13.16-200.fc26.x86_64
18 error argv "/usr/bin/node" "/usr/bin/npm" "start"
19 error node v6.12.0
20 error npm  v3.10.10
21 error code ELIFECYCLE
22 error webpack-babel-eslint@0.0.1 start: `webpack-dev-server --hot --inline`
22 error Exit status 1
23 error Failed at the webpack-babel-eslint@0.0.1 start script 'webpack-dev-server --hot --inline'.
23 error Make sure you have the latest version of node.js and npm installed.
23 error If you do, this is most likely a problem with the webpack-babel-eslint package,
23 error not with npm itself.
23 error Tell the author that this fails on your system:
23 error     webpack-dev-server --hot --inline
23 error You can get information on how to open an issue for this project with:
23 error     npm bugs webpack-babel-eslint
23 error Or if that isn't available, you can get their info via:
23 error     npm owner ls webpack-babel-eslint
23 error There is likely additional logging output above.
24 verbose exit [ 1, true ]
